Time resolution is 1 ps
Stopped at time : 22001005 ns : File "C:/Users/mpaur/MESE/CLP/GuiaPracticaCLP/eje18_contArty/contBCD/contBCD.srcs/sim_1/imports/src/contBCD_Arty_tb.vhd" Line 30
Stopped at time : 22001005 ns : File "C:/Users/mpaur/MESE/CLP/GuiaPracticaCLP/eje18_contArty/contBCD/contBCD.srcs/sources_1/imports/src/genEna.vhd" Line 21
Stopped at time : 22001005 ns : File "C:/Users/mpaur/MESE/CLP/GuiaPracticaCLP/eje18_contArty/contBCD/contBCD.srcs/sources_1/imports/src/genEna.vhd" Line 22
Stopped at time : 22001005 ns : File "C:/Users/mpaur/MESE/CLP/GuiaPracticaCLP/eje18_contArty/contBCD/contBCD.srcs/sources_1/imports/src/genEna.vhd" Line 25
Stopped at time : 22001005 ns : File "C:/Users/mpaur/MESE/CLP/GuiaPracticaCLP/eje18_contArty/contBCD/contBCD.srcs/sources_1/imports/src/genEna.vhd" Line 26
Stopped at time : 22001005 ns : File "C:/Users/mpaur/MESE/CLP/GuiaPracticaCLP/eje18_contArty/contBCD/contBCD.srcs/sources_1/imports/src/genEna.vhd" Line 27
Stopped at time : 22001005 ns : File "C:/Users/mpaur/MESE/CLP/GuiaPracticaCLP/eje18_contArty/contBCD/contBCD.srcs/sources_1/imports/src/genEna.vhd" Line 31
Stopped at time : 22001005 ns : File "C:/Users/mpaur/MESE/CLP/GuiaPracticaCLP/eje18_contArty/contBCD/contBCD.srcs/sources_1/imports/src/contBCD_com.vhd" Line 30
Stopped at time : 22001005 ns : File "C:/Users/mpaur/MESE/CLP/GuiaPracticaCLP/eje18_contArty/contBCD/contBCD.srcs/sources_1/imports/src/contBCD_com.vhd" Line 31
Stopped at time : 22001005 ns : File "C:/Users/mpaur/MESE/CLP/GuiaPracticaCLP/eje18_contArty/contBCD/contBCD.srcs/sources_1/imports/src/contBCD_com.vhd" Line 33
Stopped at time : 22001005 ns : File "C:/Users/mpaur/MESE/CLP/GuiaPracticaCLP/eje18_contArty/contBCD/contBCD.srcs/sources_1/imports/src/contBCD_com.vhd" Line 34
Stopped at time : 22001005 ns : File "C:/Users/mpaur/MESE/CLP/GuiaPracticaCLP/eje18_contArty/contBCD/contBCD.srcs/sources_1/imports/src/contBCD_Arty.vhd" Line 47
Stopped at time : 22001005 ns : File "C:/Users/mpaur/MESE/CLP/GuiaPracticaCLP/eje18_contArty/contBCD/contBCD.srcs/sources_1/imports/src/contBCD_com.vhd" Line 39
Stopped at time : 22001010 ns : File "C:/Users/mpaur/MESE/CLP/GuiaPracticaCLP/eje18_contArty/contBCD/contBCD.srcs/sim_1/imports/src/contBCD_Arty_tb.vhd" Line 30
Stopped at time : 22001010 ns : File "C:/Users/mpaur/MESE/CLP/GuiaPracticaCLP/eje18_contArty/contBCD/contBCD.srcs/sources_1/imports/src/genEna.vhd" Line 21
Stopped at time : 22001010 ns : File "C:/Users/mpaur/MESE/CLP/GuiaPracticaCLP/eje18_contArty/contBCD/contBCD.srcs/sources_1/imports/src/contBCD_com.vhd" Line 30
Stopped at time : 22001015 ns : File "C:/Users/mpaur/MESE/CLP/GuiaPracticaCLP/eje18_contArty/contBCD/contBCD.srcs/sim_1/imports/src/contBCD_Arty_tb.vhd" Line 30
Stopped at time : 22001015 ns : File "C:/Users/mpaur/MESE/CLP/GuiaPracticaCLP/eje18_contArty/contBCD/contBCD.srcs/sources_1/imports/src/genEna.vhd" Line 21
Stopped at time : 22001015 ns : File "C:/Users/mpaur/MESE/CLP/GuiaPracticaCLP/eje18_contArty/contBCD/contBCD.srcs/sources_1/imports/src/genEna.vhd" Line 22
Stopped at time : 22001015 ns : File "C:/Users/mpaur/MESE/CLP/GuiaPracticaCLP/eje18_contArty/contBCD/contBCD.srcs/sources_1/imports/src/genEna.vhd" Line 25
Stopped at time : 22001015 ns : File "C:/Users/mpaur/MESE/CLP/GuiaPracticaCLP/eje18_contArty/contBCD/contBCD.srcs/sources_1/imports/src/genEna.vhd" Line 26
Stopped at time : 22001015 ns : File "C:/Users/mpaur/MESE/CLP/GuiaPracticaCLP/eje18_contArty/contBCD/contBCD.srcs/sources_1/imports/src/genEna.vhd" Line 27
Stopped at time : 22001015 ns : File "C:/Users/mpaur/MESE/CLP/GuiaPracticaCLP/eje18_contArty/contBCD/contBCD.srcs/sources_1/imports/src/genEna.vhd" Line 31
Stopped at time : 22001015 ns : File "C:/Users/mpaur/MESE/CLP/GuiaPracticaCLP/eje18_contArty/contBCD/contBCD.srcs/sources_1/imports/src/contBCD_com.vhd" Line 30
Stopped at time : 22001015 ns : File "C:/Users/mpaur/MESE/CLP/GuiaPracticaCLP/eje18_contArty/contBCD/contBCD.srcs/sources_1/imports/src/contBCD_com.vhd" Line 31
Stopped at time : 22001025 ns : File "C:/Users/mpaur/MESE/CLP/GuiaPracticaCLP/eje18_contArty/contBCD/contBCD.srcs/sources_1/imports/src/contBCD_com.vhd" Line 31
Stopped at time : 22001035 ns : File "C:/Users/mpaur/MESE/CLP/GuiaPracticaCLP/eje18_contArty/contBCD/contBCD.srcs/sources_1/imports/src/contBCD_com.vhd" Line 31
Stopped at time : 22001045 ns : File "C:/Users/mpaur/MESE/CLP/GuiaPracticaCLP/eje18_contArty/contBCD/contBCD.srcs/sources_1/imports/src/contBCD_com.vhd" Line 31
Stopped at time : 22001055 ns : File "C:/Users/mpaur/MESE/CLP/GuiaPracticaCLP/eje18_contArty/contBCD/contBCD.srcs/sources_1/imports/src/contBCD_com.vhd" Line 31
Stopped at time : 22001065 ns : File "C:/Users/mpaur/MESE/CLP/GuiaPracticaCLP/eje18_contArty/contBCD/contBCD.srcs/sources_1/imports/src/contBCD_com.vhd" Line 31
Stopped at time : 22001075 ns : File "C:/Users/mpaur/MESE/CLP/GuiaPracticaCLP/eje18_contArty/contBCD/contBCD.srcs/sources_1/imports/src/contBCD_com.vhd" Line 31
Stopped at time : 22001085 ns : File "C:/Users/mpaur/MESE/CLP/GuiaPracticaCLP/eje18_contArty/contBCD/contBCD.srcs/sources_1/imports/src/contBCD_com.vhd" Line 31
Stopped at time : 22001095 ns : File "C:/Users/mpaur/MESE/CLP/GuiaPracticaCLP/eje18_contArty/contBCD/contBCD.srcs/sources_1/imports/src/contBCD_com.vhd" Line 31
Stopped at time : 22001095 ns : File "C:/Users/mpaur/MESE/CLP/GuiaPracticaCLP/eje18_contArty/contBCD/contBCD.srcs/sources_1/imports/src/contBCD_com.vhd" Line 33
Stopped at time : 22001105 ns : File "C:/Users/mpaur/MESE/CLP/GuiaPracticaCLP/eje18_contArty/contBCD/contBCD.srcs/sources_1/imports/src/contBCD_com.vhd" Line 31
Stopped at time : 22001105 ns : File "C:/Users/mpaur/MESE/CLP/GuiaPracticaCLP/eje18_contArty/contBCD/contBCD.srcs/sources_1/imports/src/contBCD_com.vhd" Line 33
Stopped at time : 22001115 ns : File "C:/Users/mpaur/MESE/CLP/GuiaPracticaCLP/eje18_contArty/contBCD/contBCD.srcs/sources_1/imports/src/contBCD_com.vhd" Line 31
Stopped at time : 22001115 ns : File "C:/Users/mpaur/MESE/CLP/GuiaPracticaCLP/eje18_contArty/contBCD/contBCD.srcs/sources_1/imports/src/contBCD_com.vhd" Line 33
Stopped at time : 22001125 ns : File "C:/Users/mpaur/MESE/CLP/GuiaPracticaCLP/eje18_contArty/contBCD/contBCD.srcs/sources_1/imports/src/contBCD_com.vhd" Line 31
Stopped at time : 22001125 ns : File "C:/Users/mpaur/MESE/CLP/GuiaPracticaCLP/eje18_contArty/contBCD/contBCD.srcs/sources_1/imports/src/contBCD_com.vhd" Line 33
Stopped at time : 22001135 ns : File "C:/Users/mpaur/MESE/CLP/GuiaPracticaCLP/eje18_contArty/contBCD/contBCD.srcs/sources_1/imports/src/contBCD_com.vhd" Line 31
Stopped at time : 22001135 ns : File "C:/Users/mpaur/MESE/CLP/GuiaPracticaCLP/eje18_contArty/contBCD/contBCD.srcs/sources_1/imports/src/contBCD_com.vhd" Line 33
Stopped at time : 22001145 ns : File "C:/Users/mpaur/MESE/CLP/GuiaPracticaCLP/eje18_contArty/contBCD/contBCD.srcs/sources_1/imports/src/contBCD_com.vhd" Line 31
Stopped at time : 22001145 ns : File "C:/Users/mpaur/MESE/CLP/GuiaPracticaCLP/eje18_contArty/contBCD/contBCD.srcs/sources_1/imports/src/contBCD_com.vhd" Line 33
Stopped at time : 22001155 ns : File "C:/Users/mpaur/MESE/CLP/GuiaPracticaCLP/eje18_contArty/contBCD/contBCD.srcs/sources_1/imports/src/contBCD_com.vhd" Line 31
Stopped at time : 22001155 ns : File "C:/Users/mpaur/MESE/CLP/GuiaPracticaCLP/eje18_contArty/contBCD/contBCD.srcs/sources_1/imports/src/contBCD_com.vhd" Line 33
Stopped at time : 22001165 ns : File "C:/Users/mpaur/MESE/CLP/GuiaPracticaCLP/eje18_contArty/contBCD/contBCD.srcs/sources_1/imports/src/contBCD_com.vhd" Line 31
Stopped at time : 34001205 ns : File "C:/Users/mpaur/MESE/CLP/GuiaPracticaCLP/eje18_contArty/contBCD/contBCD.srcs/sources_1/imports/src/contBCD_com.vhd" Line 34
Stopped at time : 34001215 ns : File "C:/Users/mpaur/MESE/CLP/GuiaPracticaCLP/eje18_contArty/contBCD/contBCD.srcs/sources_1/imports/src/contBCD_com.vhd" Line 32
Stopped at time : 34001305 ns : File "C:/Users/mpaur/MESE/CLP/GuiaPracticaCLP/eje18_contArty/contBCD/contBCD.srcs/sources_1/imports/src/contBCD_com.vhd" Line 34
Stopped at time : 34001405 ns : File "C:/Users/mpaur/MESE/CLP/GuiaPracticaCLP/eje18_contArty/contBCD/contBCD.srcs/sources_1/imports/src/contBCD_com.vhd" Line 34
Stopped at time : 34001505 ns : File "C:/Users/mpaur/MESE/CLP/GuiaPracticaCLP/eje18_contArty/contBCD/contBCD.srcs/sources_1/imports/src/contBCD_com.vhd" Line 34
Stopped at time : 34001605 ns : File "C:/Users/mpaur/MESE/CLP/GuiaPracticaCLP/eje18_contArty/contBCD/contBCD.srcs/sources_1/imports/src/contBCD_com.vhd" Line 34
Stopped at time : 34001705 ns : File "C:/Users/mpaur/MESE/CLP/GuiaPracticaCLP/eje18_contArty/contBCD/contBCD.srcs/sources_1/imports/src/contBCD_com.vhd" Line 34
Stopped at time : 34001805 ns : File "C:/Users/mpaur/MESE/CLP/GuiaPracticaCLP/eje18_contArty/contBCD/contBCD.srcs/sources_1/imports/src/contBCD_com.vhd" Line 34
Stopped at time : 34001905 ns : File "C:/Users/mpaur/MESE/CLP/GuiaPracticaCLP/eje18_contArty/contBCD/contBCD.srcs/sources_1/imports/src/contBCD_com.vhd" Line 34
Stopped at time : 34002005 ns : File "C:/Users/mpaur/MESE/CLP/GuiaPracticaCLP/eje18_contArty/contBCD/contBCD.srcs/sources_1/imports/src/contBCD_com.vhd" Line 34
Stopped at time : 34002105 ns : File "C:/Users/mpaur/MESE/CLP/GuiaPracticaCLP/eje18_contArty/contBCD/contBCD.srcs/sources_1/imports/src/contBCD_com.vhd" Line 34
Stopped at time : 34002115 ns : File "C:/Users/mpaur/MESE/CLP/GuiaPracticaCLP/eje18_contArty/contBCD/contBCD.srcs/sources_1/imports/src/contBCD_com.vhd" Line 32
Stopped at time : 34002205 ns : File "C:/Users/mpaur/MESE/CLP/GuiaPracticaCLP/eje18_contArty/contBCD/contBCD.srcs/sources_1/imports/src/contBCD_com.vhd" Line 34
Stopped at time : 34002305 ns : File "C:/Users/mpaur/MESE/CLP/GuiaPracticaCLP/eje18_contArty/contBCD/contBCD.srcs/sources_1/imports/src/contBCD_com.vhd" Line 34
Stopped at time : 34002405 ns : File "C:/Users/mpaur/MESE/CLP/GuiaPracticaCLP/eje18_contArty/contBCD/contBCD.srcs/sources_1/imports/src/contBCD_com.vhd" Line 34
Stopped at time : 34002505 ns : File "C:/Users/mpaur/MESE/CLP/GuiaPracticaCLP/eje18_contArty/contBCD/contBCD.srcs/sources_1/imports/src/contBCD_com.vhd" Line 34
Stopped at time : 34002605 ns : File "C:/Users/mpaur/MESE/CLP/GuiaPracticaCLP/eje18_contArty/contBCD/contBCD.srcs/sources_1/imports/src/contBCD_com.vhd" Line 34
Stopped at time : 34002705 ns : File "C:/Users/mpaur/MESE/CLP/GuiaPracticaCLP/eje18_contArty/contBCD/contBCD.srcs/sources_1/imports/src/contBCD_com.vhd" Line 34
Stopped at time : 34002805 ns : File "C:/Users/mpaur/MESE/CLP/GuiaPracticaCLP/eje18_contArty/contBCD/contBCD.srcs/sources_1/imports/src/contBCD_com.vhd" Line 34
Stopped at time : 34002905 ns : File "C:/Users/mpaur/MESE/CLP/GuiaPracticaCLP/eje18_contArty/contBCD/contBCD.srcs/sources_1/imports/src/contBCD_com.vhd" Line 34
Stopped at time : 34003005 ns : File "C:/Users/mpaur/MESE/CLP/GuiaPracticaCLP/eje18_contArty/contBCD/contBCD.srcs/sources_1/imports/src/contBCD_com.vhd" Line 34
Stopped at time : 34003015 ns : File "C:/Users/mpaur/MESE/CLP/GuiaPracticaCLP/eje18_contArty/contBCD/contBCD.srcs/sources_1/imports/src/contBCD_com.vhd" Line 32
Stopped at time : 34003105 ns : File "C:/Users/mpaur/MESE/CLP/GuiaPracticaCLP/eje18_contArty/contBCD/contBCD.srcs/sources_1/imports/src/contBCD_com.vhd" Line 34
Stopped at time : 34003205 ns : File "C:/Users/mpaur/MESE/CLP/GuiaPracticaCLP/eje18_contArty/contBCD/contBCD.srcs/sources_1/imports/src/contBCD_com.vhd" Line 34
Stopped at time : 34003305 ns : File "C:/Users/mpaur/MESE/CLP/GuiaPracticaCLP/eje18_contArty/contBCD/contBCD.srcs/sources_1/imports/src/contBCD_com.vhd" Line 34
Stopped at time : 34003405 ns : File "C:/Users/mpaur/MESE/CLP/GuiaPracticaCLP/eje18_contArty/contBCD/contBCD.srcs/sources_1/imports/src/contBCD_com.vhd" Line 34
Stopped at time : 34003505 ns : File "C:/Users/mpaur/MESE/CLP/GuiaPracticaCLP/eje18_contArty/contBCD/contBCD.srcs/sources_1/imports/src/contBCD_com.vhd" Line 34
Stopped at time : 34003605 ns : File "C:/Users/mpaur/MESE/CLP/GuiaPracticaCLP/eje18_contArty/contBCD/contBCD.srcs/sources_1/imports/src/contBCD_com.vhd" Line 34
Stopped at time : 34003705 ns : File "C:/Users/mpaur/MESE/CLP/GuiaPracticaCLP/eje18_contArty/contBCD/contBCD.srcs/sources_1/imports/src/contBCD_com.vhd" Line 34
Stopped at time : 34003805 ns : File "C:/Users/mpaur/MESE/CLP/GuiaPracticaCLP/eje18_contArty/contBCD/contBCD.srcs/sources_1/imports/src/contBCD_com.vhd" Line 34
Stopped at time : 34003905 ns : File "C:/Users/mpaur/MESE/CLP/GuiaPracticaCLP/eje18_contArty/contBCD/contBCD.srcs/sources_1/imports/src/contBCD_com.vhd" Line 34
Stopped at time : 34003915 ns : File "C:/Users/mpaur/MESE/CLP/GuiaPracticaCLP/eje18_contArty/contBCD/contBCD.srcs/sources_1/imports/src/contBCD_com.vhd" Line 32
