Copyright 1986-2022 Xilinx, Inc. All Rights Reserved. Copyright 2022-2024 Advanced Micro Devices, Inc. All Rights Reserved.
---------------------------------------------------------------------------------------------------------------------------------------------
| Tool Version : Vivado v.2024.1 (win64) Build 5076996 Wed May 22 18:37:14 MDT 2024
| Date         : Thu Aug  8 22:06:18 2024
| Host         : COURIE running 64-bit major release  (build 9200)
| Command      : report_control_sets -verbose -file PruebaTOP_wrapper_control_sets_placed.rpt
| Design       : PruebaTOP_wrapper
| Device       : xc7z020
---------------------------------------------------------------------------------------------------------------------------------------------

Control Set Information

Table of Contents
-----------------
1. Summary
2. Histogram
3. Flip-Flop Distribution
4. Detailed Control Set Information

1. Summary
----------

+----------------------------------------------------------+-------+
|                          Status                          | Count |
+----------------------------------------------------------+-------+
| Total control sets                                       |     6 |
|    Minimum number of control sets                        |     6 |
|    Addition due to synthesis replication                 |     0 |
|    Addition due to physical synthesis replication        |     0 |
| Unused register locations in slices containing registers |    19 |
+----------------------------------------------------------+-------+
* Control sets can be merged at opt_design using control_set_merge or merge_equivalent_drivers
** Run report_qor_suggestions for automated merging and remapping suggestions


2. Histogram
------------

+--------------------+-------+
|       Fanout       | Count |
+--------------------+-------+
| Total control sets |     6 |
| >= 0 to < 4        |     1 |
| >= 4 to < 6        |     1 |
| >= 6 to < 8        |     2 |
| >= 8 to < 10       |     0 |
| >= 10 to < 12      |     1 |
| >= 12 to < 14      |     0 |
| >= 14 to < 16      |     1 |
| >= 16              |     0 |
+--------------------+-------+
* Control sets can be remapped at either synth_design or opt_design


3. Flip-Flop Distribution
-------------------------

+--------------+-----------------------+------------------------+-----------------+--------------+
| Clock Enable | Synchronous Set/Reset | Asynchronous Set/Reset | Total Registers | Total Slices |
+--------------+-----------------------+------------------------+-----------------+--------------+
| No           | No                    | No                     |               1 |            1 |
| No           | No                    | Yes                    |               0 |            0 |
| No           | Yes                   | No                     |              15 |            5 |
| Yes          | No                    | No                     |               0 |            0 |
| Yes          | No                    | Yes                    |               0 |            0 |
| Yes          | Yes                   | No                     |              29 |           10 |
+--------------+-----------------------+------------------------+-----------------+--------------+


4. Detailed Control Set Information
-----------------------------------

+-----------------------------------------------------+--------------------------------------------------+----------------------------------------------------------+------------------+----------------+--------------+
|                     Clock Signal                    |                   Enable Signal                  |                     Set/Reset Signal                     | Slice Load Count | Bel Load Count | Bels / Slice |
+-----------------------------------------------------+--------------------------------------------------+----------------------------------------------------------+------------------+----------------+--------------+
|  PruebaTOP_i/clk_wiz_0/inst/clk_out1                |                                                  |                                                          |                1 |              1 |         1.00 |
|  PruebaTOP_i/LMX2594_0/inst/internaCLK_reg_n_0_BUFG |                                                  | LMX2594_rst_0_IBUF                                       |                2 |              5 |         2.50 |
|  PruebaTOP_i/LMX2594_0/inst/internaCLK_reg_n_0_BUFG | PruebaTOP_i/LMX2594_0/inst/LMX2594_sdat_i_1_n_0  | LMX2594_rst_0_IBUF                                       |                2 |              7 |         3.50 |
|  PruebaTOP_i/LMX2594_0/inst/internaCLK_reg_n_0_BUFG | PruebaTOP_i/LMX2594_0/inst/LMX2594_addr_reg      | LMX2594_rst_0_IBUF                                       |                2 |              7 |         3.50 |
|  PruebaTOP_i/clk_wiz_0/inst/clk_out1                |                                                  | PruebaTOP_i/LMX2594_0/inst/clk_inst.prescaler[0]_i_1_n_0 |                3 |             10 |         3.33 |
|  PruebaTOP_i/LMX2594_0/inst/internaCLK_reg_n_0_BUFG | PruebaTOP_i/LMX2594_0/inst/LMX2594_data_tx_reg_0 | LMX2594_rst_0_IBUF                                       |                6 |             15 |         2.50 |
+-----------------------------------------------------+--------------------------------------------------+----------------------------------------------------------+------------------+----------------+--------------+


